<?xml version="1.0" encoding="UTF-8"?>
<!-- Generated by org.testng.reporters.JUnitReportReporter -->
<testsuite hostname="DESKTOP-IMMTNP5" failures="0" tests="1" name="com.log.pack.home_pageestcases" time="0.695" errors="0" timestamp="2022-07-22T19:24:20 IST" skipped="0">
  <testcase classname="com.log.pack.home_pageestcases" name="TC3" time="0.695"/>
  <system-out/>
</testsuite> <!-- com.log.pack.home_pageestcases -->
