<?xml version="1.0" encoding="UTF-8"?>
<!-- Generated by org.testng.reporters.JUnitReportReporter -->
<testsuite hostname="DESKTOP-IMMTNP5" failures="0" tests="2" name="com.log.pack.logintestcases" time="13.718" errors="0" timestamp="2022-08-02T13:46:11 IST" skipped="0">
  <testcase classname="com.log.pack.logintestcases" name="TC2" time="8.277"/>
  <system-out/>
  <testcase classname="com.log.pack.logintestcases" name="TC1" time="5.441"/>
  <system-out/>
</testsuite> <!-- com.log.pack.logintestcases -->
